[2022-03-01 07:31:54,049] bluto: 
Bluto Started
[2022-03-01 07:31:59,565] bluto: Keyboard Interrupt From User

[2022-03-01 08:54:24,674] bluto: 
Bluto Started
[2022-03-01 08:55:04,884] bluto: Keyboard Interrupt From User

[2022-03-01 08:55:06,585] bluto: 
Bluto Started
[2022-03-01 08:55:13,176] bluto: Keyboard Interrupt From User

[2022-03-01 08:55:26,012] bluto: 
Bluto Started
[2022-03-01 08:55:32,905] get_file: Gathering UserAgents
[2022-03-01 08:55:32,906] get_file: Completed Gathering UserAgents
[2022-03-01 08:55:32,906] bluto: Domain Identified: fritzbox.local
[2022-03-01 08:56:01,093] bluto: 
Bluto Started
[2022-03-01 08:56:01,095] bluto: -api Argument Used with api: 65a7d2f3de09a7667da9851f33351f92b83c70fc
[2022-03-01 08:56:35,170] get_file: Gathering UserAgents
[2022-03-01 08:56:35,172] get_file: Completed Gathering UserAgents
[2022-03-01 08:56:35,172] bluto: Domain Identified: coredumper.com
[2022-03-01 08:56:35,781] general: Whois Results Are Good coredumper
[2022-03-01 08:56:37,375] general: Whois Results Are Good coredumper
[2022-03-01 08:56:39,377] get_file: Gathering SubDomains Of Interest
[2022-03-01 08:56:39,377] get_file: Completed Gathering SubDomains Of Interest
[2022-03-01 08:56:39,377] get_dns: Gathering DNS Details
[2022-03-01 08:56:41,464] get_dns: Completed Gathering DNS Details
[2022-03-01 08:56:41,464] search: NetCraft Search Started
[2022-03-01 08:56:41,741] search: An Unhandled Exception Has Occured, Please Check The Log For Details
/home/kali/bluto/log/bluto-info.log
Traceback (most recent call last):
  File "/home/kali/bluto/bluto/modules/search.py", line 372, in action_netcraft
    sub_results = re.findall(pattern, response.content)
  File "/usr/lib/python3.9/re.py", line 241, in findall
    return _compile(pattern, flags).findall(string)
TypeError: cannot use a string pattern on a bytes-like object
[2022-03-01 08:56:41,741] search: NetCraft Completed
[2022-03-01 08:56:41,742] get_dns: Attempting Zone Transfers
[2022-03-01 08:56:41,742] get_dns: Not Vuln: ns1.namebrightdns.com
[2022-03-01 08:56:41,742] get_dns: Not Vuln: ns2.namebrightdns.com
[2022-03-01 08:56:41,743] get_dns: Completed Attempting Zone Transfers
[2022-03-01 08:56:41,743] get_dns: Checking Wild Cards
[2022-03-01 08:56:41,904] get_dns: Wild Cards True
[2022-03-01 08:56:41,904] get_file: Gathering SubDomains Count
[2022-03-01 08:56:41,906] get_file: Completed Gathering SubDomains Count
[2022-03-01 08:56:41,906] get_file: Gathering SubDomains
[2022-03-01 08:56:41,914] get_file: Completed Gathering SubDomains
[2022-03-01 08:56:41,914] general: Identifying Country
[2022-03-01 08:56:42,184] general: Country Identified: italy
[2022-03-01 08:56:42,426] search: Hunter Search Started
[2022-03-01 08:56:42,883] search: Hunter Search Completed
[2022-03-01 08:56:42,883] search: Google Search Started
[2022-03-01 08:56:47,625] search: Google Search Completed
[2022-03-01 08:56:47,625] search: Bing Search Started
[2022-03-01 08:57:31,390] search: Bing Search Completed
[2022-03-01 08:57:31,391] search: LinkedIn Search Started
[2022-03-01 08:57:46,838] search: LinkedIn Search Completed
[2022-03-01 08:57:46,840] data_mine: Let The Hunt Begin
[2022-03-01 08:57:46,840] data_mine: Data Folder Created /home/kali/Bluto/doc/coredumper/
[2022-03-01 08:57:46,840] search: Bing Document Search Started
[2022-03-01 08:57:46,842] search: Exalead Document Search Started
[2022-03-01 08:57:49,807] bluto: Keyboard Interrupt From User

[2022-03-01 09:43:21,941] bluto: 
Bluto Started
[2022-03-01 09:43:29,756] get_file: Gathering UserAgents
[2022-03-01 09:43:29,757] get_file: Completed Gathering UserAgents
[2022-03-01 09:43:29,757] bluto: Domain Identified: wix.com
[2022-03-01 09:43:30,218] general: Whois Results Are Good wix
[2022-03-01 09:43:33,167] get_file: Gathering SubDomains Of Interest
[2022-03-01 09:43:33,168] get_file: Completed Gathering SubDomains Of Interest
[2022-03-01 09:43:33,168] get_dns: Gathering DNS Details
[2022-03-01 09:43:33,367] get_dns: Completed Gathering DNS Details
[2022-03-01 09:43:33,367] search: NetCraft Search Started
[2022-03-01 09:43:33,631] search: An Unhandled Exception Has Occured, Please Check The Log For Details
/home/kali/bluto/log/bluto-info.log
Traceback (most recent call last):
  File "/home/kali/bluto/bluto/modules/search.py", line 372, in action_netcraft
    sub_results = re.findall(pattern, response.content)
  File "/usr/lib/python3.9/re.py", line 241, in findall
    return _compile(pattern, flags).findall(string)
TypeError: cannot use a string pattern on a bytes-like object
[2022-03-01 09:43:33,632] search: NetCraft Completed
[2022-03-01 09:43:33,633] get_dns: Attempting Zone Transfers
[2022-03-01 09:43:33,633] get_dns: Not Vuln: dns1.p03.nsone.net
[2022-03-01 09:43:33,634] get_dns: Not Vuln: dns2.p03.nsone.net
[2022-03-01 09:43:33,635] get_dns: Not Vuln: dns3.p03.nsone.net
[2022-03-01 09:43:33,635] get_dns: Not Vuln: dns4.p03.nsone.net
[2022-03-01 09:43:33,636] get_dns: Completed Attempting Zone Transfers
[2022-03-01 09:43:33,637] get_dns: Checking Wild Cards
[2022-03-01 09:43:33,666] get_dns: Wild Cards True
[2022-03-01 09:43:33,667] get_file: Gathering SubDomains Count
[2022-03-01 09:43:33,669] get_file: Completed Gathering SubDomains Count
[2022-03-01 09:43:33,670] get_file: Gathering SubDomains
[2022-03-01 09:43:33,678] get_file: Completed Gathering SubDomains
[2022-03-01 09:43:33,679] general: Identifying Country
[2022-03-01 09:43:33,951] general: Country Identified: italy
[2022-03-01 09:43:34,085] search: Google Search Started
[2022-03-01 09:43:36,420] bluto: Keyboard Interrupt From User

